#-----------------------------------------------------------
# Vivado v2018.2 (64-bit)
# SW Build 2258646 on Thu Jun 14 20:03:12 MDT 2018
# IP Build 2256618 on Thu Jun 14 22:10:49 MDT 2018
# Start of session at: Fri Feb 21 23:49:40 2025
# Process ID: 6636
# Current directory: C:/Users/Ctrend.pk/project 1
# Command line: vivado.exe -gui_launcher_event rodinguilauncherevent1432 C:\Users\Ctrend.pk\project 1\project 1.xpr
# Log file: C:/Users/Ctrend.pk/project 1/vivado.log
# Journal file: C:/Users/Ctrend.pk/project 1\vivado.jou
#-----------------------------------------------------------
start_gui
open_project {C:/Users/Ctrend.pk/project 1/project 1.xpr}
Scanning sources...
Finished scanning sources
INFO: [IP_Flow 19-234] Refreshing IP repositories
INFO: [IP_Flow 19-1704] No user IP repositories specified
INFO: [IP_Flow 19-2313] Loaded Vivado IP repository 'C:/Xilinx/Vivado/2018.2/data/ip'.
open_project: Time (s): cpu = 00:00:39 ; elapsed = 00:00:49 . Memory (MB): peak = 809.465 ; gain = 92.059
update_compile_order -fileset sources_1
exit
INFO: [Common 17-206] Exiting Vivado at Fri Feb 21 23:52:19 2025...
